
main.elf:     file format elf32-avr


Disassembly of section .text:

00000000 <__vectors>:
   0:	3d c0       	rjmp	.+122    	; 0x7c <__ctors_end>
   2:	a1 c1       	rjmp	.+834    	; 0x346 <__vector_1>
   4:	56 c0       	rjmp	.+172    	; 0xb2 <__bad_interrupt>
   6:	55 c0       	rjmp	.+170    	; 0xb2 <__bad_interrupt>
   8:	54 c0       	rjmp	.+168    	; 0xb2 <__bad_interrupt>
   a:	53 c0       	rjmp	.+166    	; 0xb2 <__bad_interrupt>
   c:	52 c0       	rjmp	.+164    	; 0xb2 <__bad_interrupt>
   e:	51 c0       	rjmp	.+162    	; 0xb2 <__bad_interrupt>
  10:	50 c0       	rjmp	.+160    	; 0xb2 <__bad_interrupt>
  12:	4f c0       	rjmp	.+158    	; 0xb2 <__bad_interrupt>
  14:	4e c0       	rjmp	.+156    	; 0xb2 <__bad_interrupt>
  16:	4d c0       	rjmp	.+154    	; 0xb2 <__bad_interrupt>
  18:	4c c0       	rjmp	.+152    	; 0xb2 <__bad_interrupt>
  1a:	4b c0       	rjmp	.+150    	; 0xb2 <__bad_interrupt>
  1c:	4a c0       	rjmp	.+148    	; 0xb2 <__bad_interrupt>

0000001e <usbDescriptorString0>:
  1e:	04 03 09 04                                         ....

00000022 <usbDescriptorStringVendor>:
  22:	20 03 63 00 6f 00 64 00 65 00 61 00 6e 00 64 00      .c.o.d.e.a.n.d.
  32:	6c 00 69 00 66 00 65 00 2e 00 63 00 6f 00 6d 00     l.i.f.e...c.o.m.

00000042 <usbDescriptorStringDevice>:
  42:	16 03 55 00 53 00 42 00 65 00 78 00 61 00 6d 00     ..U.S.B.e.x.a.m.
  52:	70 00 6c 00 65 00                                   p.l.e.

00000058 <usbDescriptorDevice>:
  58:	12 01 10 01 ff 00 00 08 c0 16 dc 05 00 01 01 02     ................
  68:	00 01                                               ..

0000006a <usbDescriptorConfiguration>:
  6a:	09 02 12 00 01 01 00 80 19 09 04 00 00 00 00 00     ................
	...

0000007c <__ctors_end>:
  7c:	11 24       	eor	r1, r1
  7e:	1f be       	out	0x3f, r1	; 63
  80:	cf e5       	ldi	r28, 0x5F	; 95
  82:	d2 e0       	ldi	r29, 0x02	; 2
  84:	de bf       	out	0x3e, r29	; 62
  86:	cd bf       	out	0x3d, r28	; 61

00000088 <__do_copy_data>:
  88:	10 e0       	ldi	r17, 0x00	; 0
  8a:	a0 e6       	ldi	r26, 0x60	; 96
  8c:	b0 e0       	ldi	r27, 0x00	; 0
  8e:	ee e8       	ldi	r30, 0x8E	; 142
  90:	f7 e0       	ldi	r31, 0x07	; 7
  92:	02 c0       	rjmp	.+4      	; 0x98 <__do_copy_data+0x10>
  94:	05 90       	lpm	r0, Z+
  96:	0d 92       	st	X+, r0
  98:	a2 37       	cpi	r26, 0x72	; 114
  9a:	b1 07       	cpc	r27, r17
  9c:	d9 f7       	brne	.-10     	; 0x94 <__do_copy_data+0xc>

0000009e <__do_clear_bss>:
  9e:	10 e0       	ldi	r17, 0x00	; 0
  a0:	a2 e7       	ldi	r26, 0x72	; 114
  a2:	b0 e0       	ldi	r27, 0x00	; 0
  a4:	01 c0       	rjmp	.+2      	; 0xa8 <.do_clear_bss_start>

000000a6 <.do_clear_bss_loop>:
  a6:	1d 92       	st	X+, r1

000000a8 <.do_clear_bss_start>:
  a8:	a0 3a       	cpi	r26, 0xA0	; 160
  aa:	b1 07       	cpc	r27, r17
  ac:	e1 f7       	brne	.-8      	; 0xa6 <.do_clear_bss_loop>
  ae:	51 d3       	rcall	.+1698   	; 0x752 <main>
  b0:	6c c3       	rjmp	.+1752   	; 0x78a <_exit>

000000b2 <__bad_interrupt>:
  b2:	a6 cf       	rjmp	.-180    	; 0x0 <__vectors>

000000b4 <usbPoll>:
  b4:	1f 93       	push	r17
  b6:	cf 93       	push	r28
  b8:	df 93       	push	r29
  ba:	60 91 86 00 	lds	r22, 0x0086
  be:	63 50       	subi	r22, 0x03	; 3
  c0:	67 fd       	sbrc	r22, 7
  c2:	a4 c0       	rjmp	.+328    	; 0x20c <usbPoll+0x158>
  c4:	80 91 83 00 	lds	r24, 0x0083
  c8:	cc e0       	ldi	r28, 0x0C	; 12
  ca:	d0 e0       	ldi	r29, 0x00	; 0
  cc:	c8 1b       	sub	r28, r24
  ce:	d1 09       	sbc	r29, r1
  d0:	c6 57       	subi	r28, 0x76	; 118
  d2:	df 4f       	sbci	r29, 0xFF	; 255
  d4:	80 91 82 00 	lds	r24, 0x0082
  d8:	8d 32       	cpi	r24, 0x2D	; 45
  da:	09 f0       	breq	.+2      	; 0xde <usbPoll+0x2a>
  dc:	85 c0       	rjmp	.+266    	; 0x1e8 <usbPoll+0x134>
  de:	68 30       	cpi	r22, 0x08	; 8
  e0:	09 f0       	breq	.+2      	; 0xe4 <usbPoll+0x30>
  e2:	92 c0       	rjmp	.+292    	; 0x208 <usbPoll+0x154>
  e4:	83 ec       	ldi	r24, 0xC3	; 195
  e6:	80 93 76 00 	sts	0x0076, r24
  ea:	8a e5       	ldi	r24, 0x5A	; 90
  ec:	80 93 60 00 	sts	0x0060, r24
  f0:	10 92 72 00 	sts	0x0072, r1
  f4:	88 81       	ld	r24, Y
  f6:	80 76       	andi	r24, 0x60	; 96
  f8:	31 f0       	breq	.+12     	; 0x106 <usbPoll+0x52>
  fa:	ce 01       	movw	r24, r28
  fc:	75 d2       	rcall	.+1258   	; 0x5e8 <usbFunctionSetup>
  fe:	8f 3f       	cpi	r24, 0xFF	; 255
 100:	09 f4       	brne	.+2      	; 0x104 <usbPoll+0x50>
 102:	61 c0       	rjmp	.+194    	; 0x1c6 <usbPoll+0x112>
 104:	67 c0       	rjmp	.+206    	; 0x1d4 <usbPoll+0x120>
 106:	9a 81       	ldd	r25, Y+2	; 0x02
 108:	10 92 7f 00 	sts	0x007F, r1
 10c:	89 81       	ldd	r24, Y+1	; 0x01
 10e:	88 23       	and	r24, r24
 110:	31 f4       	brne	.+12     	; 0x11e <usbPoll+0x6a>
 112:	10 92 80 00 	sts	0x0080, r1
 116:	2f e7       	ldi	r18, 0x7F	; 127
 118:	30 e0       	ldi	r19, 0x00	; 0
 11a:	82 e0       	ldi	r24, 0x02	; 2
 11c:	4f c0       	rjmp	.+158    	; 0x1bc <usbPoll+0x108>
 11e:	85 30       	cpi	r24, 0x05	; 5
 120:	19 f4       	brne	.+6      	; 0x128 <usbPoll+0x74>
 122:	90 93 87 00 	sts	0x0087, r25
 126:	40 c0       	rjmp	.+128    	; 0x1a8 <usbPoll+0xf4>
 128:	86 30       	cpi	r24, 0x06	; 6
 12a:	a9 f5       	brne	.+106    	; 0x196 <usbPoll+0xe2>
 12c:	8b 81       	ldd	r24, Y+3	; 0x03
 12e:	81 30       	cpi	r24, 0x01	; 1
 130:	19 f4       	brne	.+6      	; 0x138 <usbPoll+0x84>
 132:	88 e5       	ldi	r24, 0x58	; 88
 134:	90 e0       	ldi	r25, 0x00	; 0
 136:	04 c0       	rjmp	.+8      	; 0x140 <usbPoll+0x8c>
 138:	82 30       	cpi	r24, 0x02	; 2
 13a:	41 f4       	brne	.+16     	; 0x14c <usbPoll+0x98>
 13c:	8a e6       	ldi	r24, 0x6A	; 106
 13e:	90 e0       	ldi	r25, 0x00	; 0
 140:	90 93 85 00 	sts	0x0085, r25
 144:	80 93 84 00 	sts	0x0084, r24
 148:	82 e1       	ldi	r24, 0x12	; 18
 14a:	21 c0       	rjmp	.+66     	; 0x18e <usbPoll+0xda>
 14c:	83 30       	cpi	r24, 0x03	; 3
 14e:	f1 f4       	brne	.+60     	; 0x18c <usbPoll+0xd8>
 150:	99 23       	and	r25, r25
 152:	41 f4       	brne	.+16     	; 0x164 <usbPoll+0xb0>
 154:	8e e1       	ldi	r24, 0x1E	; 30
 156:	90 e0       	ldi	r25, 0x00	; 0
 158:	90 93 85 00 	sts	0x0085, r25
 15c:	80 93 84 00 	sts	0x0084, r24
 160:	84 e0       	ldi	r24, 0x04	; 4
 162:	15 c0       	rjmp	.+42     	; 0x18e <usbPoll+0xda>
 164:	91 30       	cpi	r25, 0x01	; 1
 166:	41 f4       	brne	.+16     	; 0x178 <usbPoll+0xc4>
 168:	82 e2       	ldi	r24, 0x22	; 34
 16a:	90 e0       	ldi	r25, 0x00	; 0
 16c:	90 93 85 00 	sts	0x0085, r25
 170:	80 93 84 00 	sts	0x0084, r24
 174:	80 e2       	ldi	r24, 0x20	; 32
 176:	0b c0       	rjmp	.+22     	; 0x18e <usbPoll+0xda>
 178:	92 30       	cpi	r25, 0x02	; 2
 17a:	41 f4       	brne	.+16     	; 0x18c <usbPoll+0xd8>
 17c:	82 e4       	ldi	r24, 0x42	; 66
 17e:	90 e0       	ldi	r25, 0x00	; 0
 180:	90 93 85 00 	sts	0x0085, r25
 184:	80 93 84 00 	sts	0x0084, r24
 188:	86 e1       	ldi	r24, 0x16	; 22
 18a:	01 c0       	rjmp	.+2      	; 0x18e <usbPoll+0xda>
 18c:	80 e0       	ldi	r24, 0x00	; 0
 18e:	90 e4       	ldi	r25, 0x40	; 64
 190:	90 93 72 00 	sts	0x0072, r25
 194:	1f c0       	rjmp	.+62     	; 0x1d4 <usbPoll+0x120>
 196:	88 30       	cpi	r24, 0x08	; 8
 198:	59 f0       	breq	.+22     	; 0x1b0 <usbPoll+0xfc>
 19a:	89 30       	cpi	r24, 0x09	; 9
 19c:	19 f4       	brne	.+6      	; 0x1a4 <usbPoll+0xf0>
 19e:	90 93 89 00 	sts	0x0089, r25
 1a2:	02 c0       	rjmp	.+4      	; 0x1a8 <usbPoll+0xf4>
 1a4:	8a 30       	cpi	r24, 0x0A	; 10
 1a6:	39 f0       	breq	.+14     	; 0x1b6 <usbPoll+0x102>
 1a8:	2f e7       	ldi	r18, 0x7F	; 127
 1aa:	30 e0       	ldi	r19, 0x00	; 0
 1ac:	80 e0       	ldi	r24, 0x00	; 0
 1ae:	06 c0       	rjmp	.+12     	; 0x1bc <usbPoll+0x108>
 1b0:	29 e8       	ldi	r18, 0x89	; 137
 1b2:	30 e0       	ldi	r19, 0x00	; 0
 1b4:	02 c0       	rjmp	.+4      	; 0x1ba <usbPoll+0x106>
 1b6:	2f e7       	ldi	r18, 0x7F	; 127
 1b8:	30 e0       	ldi	r19, 0x00	; 0
 1ba:	81 e0       	ldi	r24, 0x01	; 1
 1bc:	30 93 85 00 	sts	0x0085, r19
 1c0:	20 93 84 00 	sts	0x0084, r18
 1c4:	07 c0       	rjmp	.+14     	; 0x1d4 <usbPoll+0x120>
 1c6:	98 81       	ld	r25, Y
 1c8:	97 fd       	sbrc	r25, 7
 1ca:	8e 81       	ldd	r24, Y+6	; 0x06
 1cc:	90 e8       	ldi	r25, 0x80	; 128
 1ce:	90 93 72 00 	sts	0x0072, r25
 1d2:	07 c0       	rjmp	.+14     	; 0x1e2 <usbPoll+0x12e>
 1d4:	9f 81       	ldd	r25, Y+7	; 0x07
 1d6:	99 23       	and	r25, r25
 1d8:	21 f4       	brne	.+8      	; 0x1e2 <usbPoll+0x12e>
 1da:	9e 81       	ldd	r25, Y+6	; 0x06
 1dc:	98 17       	cp	r25, r24
 1de:	08 f4       	brcc	.+2      	; 0x1e2 <usbPoll+0x12e>
 1e0:	89 2f       	mov	r24, r25
 1e2:	80 93 61 00 	sts	0x0061, r24
 1e6:	10 c0       	rjmp	.+32     	; 0x208 <usbPoll+0x154>
 1e8:	80 91 72 00 	lds	r24, 0x0072
 1ec:	87 ff       	sbrs	r24, 7
 1ee:	0c c0       	rjmp	.+24     	; 0x208 <usbPoll+0x154>
 1f0:	ce 01       	movw	r24, r28
 1f2:	33 d2       	rcall	.+1126   	; 0x65a <usbFunctionWrite>
 1f4:	8f 3f       	cpi	r24, 0xFF	; 255
 1f6:	21 f4       	brne	.+8      	; 0x200 <usbPoll+0x14c>
 1f8:	8e e1       	ldi	r24, 0x1E	; 30
 1fa:	80 93 60 00 	sts	0x0060, r24
 1fe:	04 c0       	rjmp	.+8      	; 0x208 <usbPoll+0x154>
 200:	88 23       	and	r24, r24
 202:	11 f0       	breq	.+4      	; 0x208 <usbPoll+0x154>
 204:	10 92 61 00 	sts	0x0061, r1
 208:	10 92 86 00 	sts	0x0086, r1
 20c:	80 91 60 00 	lds	r24, 0x0060
 210:	84 ff       	sbrs	r24, 4
 212:	4c c0       	rjmp	.+152    	; 0x2ac <__stack+0x4d>
 214:	80 91 61 00 	lds	r24, 0x0061
 218:	8f 3f       	cpi	r24, 0xFF	; 255
 21a:	09 f4       	brne	.+2      	; 0x21e <usbPoll+0x16a>
 21c:	47 c0       	rjmp	.+142    	; 0x2ac <__stack+0x4d>
 21e:	18 2f       	mov	r17, r24
 220:	89 30       	cpi	r24, 0x09	; 9
 222:	08 f0       	brcs	.+2      	; 0x226 <usbPoll+0x172>
 224:	18 e0       	ldi	r17, 0x08	; 8
 226:	81 1b       	sub	r24, r17
 228:	80 93 61 00 	sts	0x0061, r24
 22c:	80 91 76 00 	lds	r24, 0x0076
 230:	98 e8       	ldi	r25, 0x88	; 136
 232:	89 27       	eor	r24, r25
 234:	80 93 76 00 	sts	0x0076, r24
 238:	11 23       	and	r17, r17
 23a:	61 f1       	breq	.+88     	; 0x294 <__stack+0x35>
 23c:	80 91 84 00 	lds	r24, 0x0084
 240:	90 91 85 00 	lds	r25, 0x0085
 244:	30 91 72 00 	lds	r19, 0x0072
 248:	21 2f       	mov	r18, r17
 24a:	21 50       	subi	r18, 0x01	; 1
 24c:	36 ff       	sbrs	r19, 6
 24e:	0e c0       	rjmp	.+28     	; 0x26c <__stack+0xd>
 250:	30 e0       	ldi	r19, 0x00	; 0
 252:	a9 01       	movw	r20, r18
 254:	48 58       	subi	r20, 0x88	; 136
 256:	5f 4f       	sbci	r21, 0xFF	; 255
 258:	fc 01       	movw	r30, r24
 25a:	a7 e7       	ldi	r26, 0x77	; 119
 25c:	b0 e0       	ldi	r27, 0x00	; 0
 25e:	64 91       	lpm	r22, Z
 260:	6d 93       	st	X+, r22
 262:	31 96       	adiw	r30, 0x01	; 1
 264:	a4 17       	cp	r26, r20
 266:	b5 07       	cpc	r27, r21
 268:	d1 f7       	brne	.-12     	; 0x25e <usbPoll+0x1aa>
 26a:	0c c0       	rjmp	.+24     	; 0x284 <__stack+0x25>
 26c:	dc 01       	movw	r26, r24
 26e:	30 e0       	ldi	r19, 0x00	; 0
 270:	a9 01       	movw	r20, r18
 272:	48 58       	subi	r20, 0x88	; 136
 274:	5f 4f       	sbci	r21, 0xFF	; 255
 276:	e7 e7       	ldi	r30, 0x77	; 119
 278:	f0 e0       	ldi	r31, 0x00	; 0
 27a:	6d 91       	ld	r22, X+
 27c:	61 93       	st	Z+, r22
 27e:	e4 17       	cp	r30, r20
 280:	f5 07       	cpc	r31, r21
 282:	d9 f7       	brne	.-10     	; 0x27a <__stack+0x1b>
 284:	2f 5f       	subi	r18, 0xFF	; 255
 286:	3f 4f       	sbci	r19, 0xFF	; 255
 288:	28 0f       	add	r18, r24
 28a:	39 1f       	adc	r19, r25
 28c:	30 93 85 00 	sts	0x0085, r19
 290:	20 93 84 00 	sts	0x0084, r18
 294:	87 e7       	ldi	r24, 0x77	; 119
 296:	90 e0       	ldi	r25, 0x00	; 0
 298:	61 2f       	mov	r22, r17
 29a:	3e d0       	rcall	.+124    	; 0x318 <usbCrc16Append>
 29c:	1c 5f       	subi	r17, 0xFC	; 252
 29e:	1c 30       	cpi	r17, 0x0C	; 12
 2a0:	19 f0       	breq	.+6      	; 0x2a8 <__stack+0x49>
 2a2:	8f ef       	ldi	r24, 0xFF	; 255
 2a4:	80 93 61 00 	sts	0x0061, r24
 2a8:	10 93 60 00 	sts	0x0060, r17
 2ac:	84 e1       	ldi	r24, 0x14	; 20
 2ae:	96 b3       	in	r25, 0x16	; 22
 2b0:	96 70       	andi	r25, 0x06	; 6
 2b2:	31 f4       	brne	.+12     	; 0x2c0 <__stack+0x61>
 2b4:	81 50       	subi	r24, 0x01	; 1
 2b6:	d9 f7       	brne	.-10     	; 0x2ae <__stack+0x4f>
 2b8:	10 92 87 00 	sts	0x0087, r1
 2bc:	10 92 81 00 	sts	0x0081, r1
 2c0:	11 e0       	ldi	r17, 0x01	; 1
 2c2:	81 11       	cpse	r24, r1
 2c4:	10 e0       	ldi	r17, 0x00	; 0
 2c6:	80 91 73 00 	lds	r24, 0x0073
 2ca:	81 17       	cp	r24, r17
 2cc:	29 f0       	breq	.+10     	; 0x2d8 <__stack+0x79>
 2ce:	11 23       	and	r17, r17
 2d0:	09 f4       	brne	.+2      	; 0x2d4 <__stack+0x75>
 2d2:	de d1       	rcall	.+956    	; 0x690 <hadUsbReset>
 2d4:	10 93 73 00 	sts	0x0073, r17
 2d8:	df 91       	pop	r29
 2da:	cf 91       	pop	r28
 2dc:	1f 91       	pop	r17
 2de:	08 95       	ret

000002e0 <usbInit>:
 2e0:	85 b7       	in	r24, 0x35	; 53
 2e2:	82 60       	ori	r24, 0x02	; 2
 2e4:	85 bf       	out	0x35, r24	; 53
 2e6:	8b b7       	in	r24, 0x3b	; 59
 2e8:	80 64       	ori	r24, 0x40	; 64
 2ea:	8b bf       	out	0x3b, r24	; 59
 2ec:	08 95       	ret

000002ee <usbCrc16>:
 2ee:	a8 2f       	mov	r26, r24
 2f0:	b9 2f       	mov	r27, r25
 2f2:	80 e0       	ldi	r24, 0x00	; 0
 2f4:	90 e0       	ldi	r25, 0x00	; 0
 2f6:	41 e0       	ldi	r20, 0x01	; 1
 2f8:	50 ea       	ldi	r21, 0xA0	; 160
 2fa:	60 95       	com	r22
 2fc:	30 e0       	ldi	r19, 0x00	; 0
 2fe:	09 c0       	rjmp	.+18     	; 0x312 <usbCrcLoopEntry>

00000300 <usbCrcByteLoop>:
 300:	2d 91       	ld	r18, X+
 302:	82 27       	eor	r24, r18

00000304 <usbCrcBitLoop>:
 304:	97 95       	ror	r25
 306:	87 95       	ror	r24
 308:	10 f0       	brcs	.+4      	; 0x30e <usbCrcNoXor>
 30a:	84 27       	eor	r24, r20
 30c:	95 27       	eor	r25, r21

0000030e <usbCrcNoXor>:
 30e:	30 5e       	subi	r19, 0xE0	; 224
 310:	c8 f3       	brcs	.-14     	; 0x304 <usbCrcBitLoop>

00000312 <usbCrcLoopEntry>:
 312:	6f 5f       	subi	r22, 0xFF	; 255
 314:	a8 f3       	brcs	.-22     	; 0x300 <usbCrcByteLoop>

00000316 <usbCrcReady>:
 316:	08 95       	ret

00000318 <usbCrc16Append>:
 318:	ea df       	rcall	.-44     	; 0x2ee <usbCrc16>
 31a:	8d 93       	st	X+, r24
 31c:	9d 93       	st	X+, r25
 31e:	08 95       	ret

00000320 <usbMeasureFrameLength>:
 320:	a6 e0       	ldi	r26, 0x06	; 6
 322:	88 27       	eor	r24, r24
 324:	99 27       	eor	r25, r25

00000326 <usbMFTime16>:
 326:	aa 95       	dec	r26
 328:	69 f0       	breq	.+26     	; 0x344 <usbMFTimeout>

0000032a <usbMFWaitStrobe>:
 32a:	01 97       	sbiw	r24, 0x01	; 1
 32c:	e1 f3       	breq	.-8      	; 0x326 <usbMFTime16>
 32e:	b1 99       	sbic	0x16, 1	; 22
 330:	fc cf       	rjmp	.-8      	; 0x32a <usbMFWaitStrobe>

00000332 <usbMFWaitIdle>:
 332:	b1 9b       	sbis	0x16, 1	; 22
 334:	fe cf       	rjmp	.-4      	; 0x332 <usbMFWaitIdle>
 336:	81 e0       	ldi	r24, 0x01	; 1
 338:	99 27       	eor	r25, r25

0000033a <usbMFWaitLoop>:
 33a:	a6 b3       	in	r26, 0x16	; 22
 33c:	01 96       	adiw	r24, 0x01	; 1
 33e:	11 f0       	breq	.+4      	; 0x344 <usbMFTimeout>
 340:	a6 70       	andi	r26, 0x06	; 6
 342:	d9 f7       	brne	.-10     	; 0x33a <usbMFWaitLoop>

00000344 <usbMFTimeout>:
 344:	08 95       	ret

00000346 <__vector_1>:
 346:	cf 93       	push	r28
 348:	cf b7       	in	r28, 0x3f	; 63
 34a:	cf 93       	push	r28

0000034c <waitForJ>:
 34c:	c3 95       	inc	r28
 34e:	b1 9b       	sbis	0x16, 1	; 22
 350:	e9 f7       	brne	.-6      	; 0x34c <waitForJ>

00000352 <waitForK>:
 352:	b1 9b       	sbis	0x16, 1	; 22
 354:	0b c0       	rjmp	.+22     	; 0x36c <foundK>
 356:	b1 9b       	sbis	0x16, 1	; 22
 358:	09 c0       	rjmp	.+18     	; 0x36c <foundK>
 35a:	b1 9b       	sbis	0x16, 1	; 22
 35c:	07 c0       	rjmp	.+14     	; 0x36c <foundK>
 35e:	b1 9b       	sbis	0x16, 1	; 22
 360:	05 c0       	rjmp	.+10     	; 0x36c <foundK>
 362:	b1 9b       	sbis	0x16, 1	; 22
 364:	03 c0       	rjmp	.+6      	; 0x36c <foundK>
 366:	b1 9b       	sbis	0x16, 1	; 22
 368:	01 c0       	rjmp	.+2      	; 0x36c <foundK>
 36a:	d3 c0       	rjmp	.+422    	; 0x512 <sofError>

0000036c <foundK>:
 36c:	0f 92       	push	r0
 36e:	df 93       	push	r29
 370:	c0 91 83 00 	lds	r28, 0x0083
 374:	dd 27       	eor	r29, r29
 376:	c6 57       	subi	r28, 0x76	; 118
 378:	df 4f       	sbci	r29, 0xFF	; 255
 37a:	01 2e       	mov	r0, r17
 37c:	b1 9b       	sbis	0x16, 1	; 22
 37e:	03 c0       	rjmp	.+6      	; 0x386 <haveTwoBitsK>
 380:	df 91       	pop	r29
 382:	0f 90       	pop	r0
 384:	e6 cf       	rjmp	.-52     	; 0x352 <waitForK>

00000386 <haveTwoBitsK>:
 386:	2f 93       	push	r18
 388:	0f 93       	push	r16
 38a:	1f 93       	push	r17
 38c:	4f 93       	push	r20
 38e:	2f ef       	ldi	r18, 0xFF	; 255
 390:	4f 6f       	ori	r20, 0xFF	; 255
 392:	06 b3       	in	r16, 0x16	; 22
 394:	01 fb       	bst	r16, 1
 396:	20 f9       	bld	r18, 0
 398:	5f 93       	push	r21
 39a:	3f 93       	push	r19
 39c:	50 e0       	ldi	r21, 0x00	; 0
 39e:	3b e0       	ldi	r19, 0x0B	; 11
 3a0:	65 c0       	rjmp	.+202    	; 0x46c <rxbit1>

000003a2 <continueWithBit5>:
 3a2:	16 b3       	in	r17, 0x16	; 22
 3a4:	01 26       	eor	r0, r17
 3a6:	50 29       	or	r21, r0
 3a8:	51 fd       	sbrc	r21, 1
 3aa:	c8 95       	lpm
 3ac:	56 b3       	in	r21, 0x16	; 22
 3ae:	01 27       	eor	r16, r17
 3b0:	01 fb       	bst	r16, 1
 3b2:	25 f9       	bld	r18, 5
 3b4:	2f 73       	andi	r18, 0x3F	; 63
 3b6:	06 b3       	in	r16, 0x16	; 22
 3b8:	b1 f0       	breq	.+44     	; 0x3e6 <unstuff5>
 3ba:	50 27       	eor	r21, r16
 3bc:	10 27       	eor	r17, r16
 3be:	11 fb       	bst	r17, 1
 3c0:	26 f9       	bld	r18, 6

000003c2 <didUnstuff6>:
 3c2:	06 b2       	in	r0, 0x16	; 22
 3c4:	22 30       	cpi	r18, 0x02	; 2
 3c6:	f0 f0       	brcs	.+60     	; 0x404 <unstuff6>

000003c8 <didUnstuff5>:
 3c8:	00 c0       	rjmp	.+0      	; 0x3ca <didUnstuff5+0x2>
 3ca:	16 b3       	in	r17, 0x16	; 22
 3cc:	01 27       	eor	r16, r17
 3ce:	01 fb       	bst	r16, 1
 3d0:	27 f9       	bld	r18, 7

000003d2 <didUnstuff7>:
 3d2:	01 26       	eor	r0, r17
 3d4:	50 29       	or	r21, r0
 3d6:	06 b2       	in	r0, 0x16	; 22
 3d8:	24 30       	cpi	r18, 0x04	; 4
 3da:	e8 f5       	brcc	.+122    	; 0x456 <rxLoop>

000003dc <unstuff7>:
 3dc:	4f 77       	andi	r20, 0x7F	; 127
 3de:	20 68       	ori	r18, 0x80	; 128
 3e0:	16 b3       	in	r17, 0x16	; 22
 3e2:	00 00       	nop
 3e4:	f6 cf       	rjmp	.-20     	; 0x3d2 <didUnstuff7>

000003e6 <unstuff5>:
 3e6:	50 27       	eor	r21, r16
 3e8:	4f 7d       	andi	r20, 0xDF	; 223
 3ea:	20 62       	ori	r18, 0x20	; 32
 3ec:	06 b2       	in	r0, 0x16	; 22
 3ee:	10 2f       	mov	r17, r16
 3f0:	00 00       	nop
 3f2:	00 c0       	rjmp	.+0      	; 0x3f4 <unstuff5+0xe>
 3f4:	06 b3       	in	r16, 0x16	; 22
 3f6:	00 26       	eor	r0, r16
 3f8:	50 29       	or	r21, r0
 3fa:	10 27       	eor	r17, r16
 3fc:	11 fb       	bst	r17, 1
 3fe:	26 f9       	bld	r18, 6
 400:	06 b2       	in	r0, 0x16	; 22
 402:	e2 cf       	rjmp	.-60     	; 0x3c8 <didUnstuff5>

00000404 <unstuff6>:
 404:	4f 7b       	andi	r20, 0xBF	; 191
 406:	06 b3       	in	r16, 0x16	; 22
 408:	20 64       	ori	r18, 0x40	; 64
 40a:	00 c0       	rjmp	.+0      	; 0x40c <unstuff6+0x8>
 40c:	da cf       	rjmp	.-76     	; 0x3c2 <didUnstuff6>

0000040e <unstuff0>:
 40e:	01 26       	eor	r0, r17
 410:	50 29       	or	r21, r0
 412:	16 70       	andi	r17, 0x06	; 6
 414:	06 b2       	in	r0, 0x16	; 22
 416:	69 f1       	breq	.+90     	; 0x472 <didUnstuff0>
 418:	4e 7f       	andi	r20, 0xFE	; 254
 41a:	21 60       	ori	r18, 0x01	; 1
 41c:	01 2f       	mov	r16, r17
 41e:	16 b3       	in	r17, 0x16	; 22
 420:	28 c0       	rjmp	.+80     	; 0x472 <didUnstuff0>

00000422 <unstuff1>:
 422:	00 26       	eor	r0, r16
 424:	50 29       	or	r21, r0
 426:	4d 7f       	andi	r20, 0xFD	; 253
 428:	06 b2       	in	r0, 0x16	; 22
 42a:	22 60       	ori	r18, 0x02	; 2
 42c:	10 2f       	mov	r17, r16
 42e:	29 c0       	rjmp	.+82     	; 0x482 <didUnstuff1>

00000430 <unstuff2>:
 430:	01 26       	eor	r0, r17
 432:	50 29       	or	r21, r0
 434:	4b 7f       	andi	r20, 0xFB	; 251
 436:	06 b2       	in	r0, 0x16	; 22
 438:	24 60       	ori	r18, 0x04	; 4
 43a:	01 2f       	mov	r16, r17
 43c:	2d c0       	rjmp	.+90     	; 0x498 <didUnstuff2>

0000043e <unstuff3>:
 43e:	16 b3       	in	r17, 0x16	; 22
 440:	01 26       	eor	r0, r17
 442:	50 29       	or	r21, r0
 444:	47 7f       	andi	r20, 0xF7	; 247
 446:	28 60       	ori	r18, 0x08	; 8
 448:	00 00       	nop
 44a:	06 b2       	in	r0, 0x16	; 22
 44c:	2e c0       	rjmp	.+92     	; 0x4aa <didUnstuff3>

0000044e <unstuff4>:
 44e:	4f 7e       	andi	r20, 0xEF	; 239
 450:	06 b3       	in	r16, 0x16	; 22
 452:	20 61       	ori	r18, 0x10	; 16
 454:	30 c0       	rjmp	.+96     	; 0x4b6 <didUnstuff4>

00000456 <rxLoop>:
 456:	42 27       	eor	r20, r18
 458:	06 b3       	in	r16, 0x16	; 22
 45a:	49 93       	st	Y+, r20
 45c:	00 26       	eor	r0, r16
 45e:	50 29       	or	r21, r0
 460:	10 27       	eor	r17, r16
 462:	06 b2       	in	r0, 0x16	; 22
 464:	4f ef       	ldi	r20, 0xFF	; 255
 466:	11 fb       	bst	r17, 1
 468:	20 f9       	bld	r18, 0
 46a:	29 7f       	andi	r18, 0xF9	; 249

0000046c <rxbit1>:
 46c:	16 b3       	in	r17, 0x16	; 22
 46e:	79 f2       	breq	.-98     	; 0x40e <unstuff0>
 470:	16 70       	andi	r17, 0x06	; 6

00000472 <didUnstuff0>:
 472:	59 f1       	breq	.+86     	; 0x4ca <se0>
 474:	01 26       	eor	r0, r17
 476:	50 29       	or	r21, r0
 478:	06 b2       	in	r0, 0x16	; 22
 47a:	01 27       	eor	r16, r17
 47c:	01 fb       	bst	r16, 1
 47e:	21 f9       	bld	r18, 1
 480:	23 7f       	andi	r18, 0xF3	; 243

00000482 <didUnstuff1>:
 482:	06 b3       	in	r16, 0x16	; 22
 484:	71 f2       	breq	.-100    	; 0x422 <unstuff1>
 486:	00 26       	eor	r0, r16
 488:	50 29       	or	r21, r0
 48a:	31 50       	subi	r19, 0x01	; 1
 48c:	d0 f0       	brcs	.+52     	; 0x4c2 <overflow>
 48e:	06 b2       	in	r0, 0x16	; 22
 490:	10 27       	eor	r17, r16
 492:	11 fb       	bst	r17, 1
 494:	22 f9       	bld	r18, 2
 496:	27 7e       	andi	r18, 0xE7	; 231

00000498 <didUnstuff2>:
 498:	16 b3       	in	r17, 0x16	; 22
 49a:	51 f2       	breq	.-108    	; 0x430 <unstuff2>
 49c:	01 26       	eor	r0, r17
 49e:	50 29       	or	r21, r0
 4a0:	01 27       	eor	r16, r17
 4a2:	01 fb       	bst	r16, 1
 4a4:	06 b2       	in	r0, 0x16	; 22
 4a6:	23 f9       	bld	r18, 3
 4a8:	2f 7c       	andi	r18, 0xCF	; 207

000004aa <didUnstuff3>:
 4aa:	49 f2       	breq	.-110    	; 0x43e <unstuff3>
 4ac:	00 00       	nop
 4ae:	06 b3       	in	r16, 0x16	; 22
 4b0:	10 27       	eor	r17, r16
 4b2:	11 fb       	bst	r17, 1
 4b4:	24 f9       	bld	r18, 4

000004b6 <didUnstuff4>:
 4b6:	00 26       	eor	r0, r16
 4b8:	50 29       	or	r21, r0
 4ba:	06 b2       	in	r0, 0x16	; 22
 4bc:	2f 79       	andi	r18, 0x9F	; 159
 4be:	39 f2       	breq	.-114    	; 0x44e <unstuff4>
 4c0:	70 cf       	rjmp	.-288    	; 0x3a2 <continueWithBit5>

000004c2 <overflow>:
 4c2:	10 e4       	ldi	r17, 0x40	; 64
 4c4:	1a bf       	out	0x3a, r17	; 58

000004c6 <ignorePacket>:
 4c6:	00 27       	eor	r16, r16
 4c8:	17 c0       	rjmp	.+46     	; 0x4f8 <handleSetupOrOut>

000004ca <se0>:
 4ca:	3b 50       	subi	r19, 0x0B	; 11
 4cc:	31 95       	neg	r19
 4ce:	c3 1b       	sub	r28, r19
 4d0:	d0 40       	sbci	r29, 0x00	; 0
 4d2:	10 e4       	ldi	r17, 0x40	; 64
 4d4:	1a bf       	out	0x3a, r17	; 58
 4d6:	08 81       	ld	r16, Y
 4d8:	03 3c       	cpi	r16, 0xC3	; 195
 4da:	f9 f0       	breq	.+62     	; 0x51a <handleData>
 4dc:	0b 34       	cpi	r16, 0x4B	; 75
 4de:	e9 f0       	breq	.+58     	; 0x51a <handleData>
 4e0:	20 91 81 00 	lds	r18, 0x0081
 4e4:	19 81       	ldd	r17, Y+1	; 0x01
 4e6:	11 0f       	add	r17, r17
 4e8:	12 13       	cpse	r17, r18
 4ea:	ed cf       	rjmp	.-38     	; 0x4c6 <ignorePacket>
 4ec:	09 36       	cpi	r16, 0x69	; 105
 4ee:	51 f1       	breq	.+84     	; 0x544 <handleIn>
 4f0:	0d 32       	cpi	r16, 0x2D	; 45
 4f2:	11 f0       	breq	.+4      	; 0x4f8 <handleSetupOrOut>
 4f4:	01 3e       	cpi	r16, 0xE1	; 225
 4f6:	39 f7       	brne	.-50     	; 0x4c6 <ignorePacket>

000004f8 <handleSetupOrOut>:
 4f8:	00 93 88 00 	sts	0x0088, r16

000004fc <doReturn>:
 4fc:	3f 91       	pop	r19
 4fe:	5f 91       	pop	r21
 500:	4f 91       	pop	r20
 502:	1f 91       	pop	r17
 504:	0f 91       	pop	r16
 506:	2f 91       	pop	r18
 508:	df 91       	pop	r29
 50a:	0f 90       	pop	r0
 50c:	ca b7       	in	r28, 0x3a	; 58
 50e:	c6 fd       	sbrc	r28, 6
 510:	1d cf       	rjmp	.-454    	; 0x34c <waitForJ>

00000512 <sofError>:
 512:	cf 91       	pop	r28
 514:	cf bf       	out	0x3f, r28	; 63
 516:	cf 91       	pop	r28
 518:	18 95       	reti

0000051a <handleData>:
 51a:	20 91 88 00 	lds	r18, 0x0088
 51e:	22 23       	and	r18, r18
 520:	69 f3       	breq	.-38     	; 0x4fc <doReturn>
 522:	10 91 86 00 	lds	r17, 0x0086
 526:	11 23       	and	r17, r17
 528:	21 f5       	brne	.+72     	; 0x572 <sendNakAndReti>
 52a:	34 30       	cpi	r19, 0x04	; 4
 52c:	22 f1       	brmi	.+72     	; 0x576 <sendAckAndReti>
 52e:	30 93 86 00 	sts	0x0086, r19
 532:	20 93 82 00 	sts	0x0082, r18
 536:	10 91 83 00 	lds	r17, 0x0083
 53a:	3b e0       	ldi	r19, 0x0B	; 11
 53c:	31 1b       	sub	r19, r17
 53e:	30 93 83 00 	sts	0x0083, r19
 542:	19 c0       	rjmp	.+50     	; 0x576 <sendAckAndReti>

00000544 <handleIn>:
 544:	00 91 86 00 	lds	r16, 0x0086
 548:	01 30       	cpi	r16, 0x01	; 1
 54a:	9c f4       	brge	.+38     	; 0x572 <sendNakAndReti>
 54c:	0a e5       	ldi	r16, 0x5A	; 90
 54e:	30 91 60 00 	lds	r19, 0x0060
 552:	34 fd       	sbrc	r19, 4
 554:	11 c0       	rjmp	.+34     	; 0x578 <sendCntAndReti>
 556:	00 93 60 00 	sts	0x0060, r16
 55a:	c6 e7       	ldi	r28, 0x76	; 118
 55c:	d0 e0       	ldi	r29, 0x00	; 0
 55e:	10 c0       	rjmp	.+32     	; 0x580 <usbSendAndReti>

00000560 <bitstuff7>:
 560:	05 27       	eor	r16, r21
 562:	10 e0       	ldi	r17, 0x00	; 0
 564:	00 c0       	rjmp	.+0      	; 0x566 <bitstuff7+0x6>
 566:	21 c0       	rjmp	.+66     	; 0x5aa <didStuff7>

00000568 <bitstuffN>:
 568:	05 27       	eor	r16, r21
 56a:	10 e0       	ldi	r17, 0x00	; 0
 56c:	c8 95       	lpm
 56e:	08 bb       	out	0x18, r16	; 24
 570:	14 c0       	rjmp	.+40     	; 0x59a <didStuffN>

00000572 <sendNakAndReti>:
 572:	3a e5       	ldi	r19, 0x5A	; 90
 574:	01 c0       	rjmp	.+2      	; 0x578 <sendCntAndReti>

00000576 <sendAckAndReti>:
 576:	32 ed       	ldi	r19, 0xD2	; 210

00000578 <sendCntAndReti>:
 578:	03 2e       	mov	r0, r19
 57a:	c0 e0       	ldi	r28, 0x00	; 0
 57c:	d0 e0       	ldi	r29, 0x00	; 0
 57e:	32 e0       	ldi	r19, 0x02	; 2

00000580 <usbSendAndReti>:
 580:	17 b3       	in	r17, 0x17	; 23
 582:	16 60       	ori	r17, 0x06	; 6
 584:	c1 9a       	sbi	0x18, 1	; 24
 586:	08 b3       	in	r16, 0x18	; 24
 588:	17 bb       	out	0x17, r17	; 23
 58a:	56 e0       	ldi	r21, 0x06	; 6
 58c:	20 e8       	ldi	r18, 0x80	; 128
 58e:	4f ef       	ldi	r20, 0xFF	; 255

00000590 <bitloop>:
 590:	20 ff       	sbrs	r18, 0
 592:	05 27       	eor	r16, r21
 594:	08 bb       	out	0x18, r16	; 24
 596:	27 95       	ror	r18
 598:	17 95       	ror	r17

0000059a <didStuffN>:
 59a:	1c 3f       	cpi	r17, 0xFC	; 252
 59c:	28 f7       	brcc	.-54     	; 0x568 <bitstuffN>
 59e:	00 00       	nop
 5a0:	45 52       	subi	r20, 0x25	; 37
 5a2:	b0 f7       	brcc	.-20     	; 0x590 <bitloop>
 5a4:	20 ff       	sbrs	r18, 0
 5a6:	05 27       	eor	r16, r21
 5a8:	27 95       	ror	r18

000005aa <didStuff7>:
 5aa:	08 bb       	out	0x18, r16	; 24
 5ac:	17 95       	ror	r17
 5ae:	1c 3f       	cpi	r17, 0xFC	; 252
 5b0:	b8 f6       	brcc	.-82     	; 0x560 <bitstuff7>
 5b2:	29 91       	ld	r18, Y+
 5b4:	3a 95       	dec	r19
 5b6:	61 f7       	brne	.-40     	; 0x590 <bitloop>
 5b8:	09 7f       	andi	r16, 0xF9	; 249
 5ba:	10 91 87 00 	lds	r17, 0x0087
 5be:	11 0f       	add	r17, r17
 5c0:	08 bb       	out	0x18, r16	; 24
 5c2:	c2 50       	subi	r28, 0x02	; 2
 5c4:	d0 40       	sbci	r29, 0x00	; 0
 5c6:	11 f0       	breq	.+4      	; 0x5cc <skipAddrAssign>
 5c8:	10 93 81 00 	sts	0x0081, r17

000005cc <skipAddrAssign>:
 5cc:	10 e4       	ldi	r17, 0x40	; 64
 5ce:	1a bf       	out	0x3a, r17	; 58
 5d0:	02 60       	ori	r16, 0x02	; 2
 5d2:	17 b3       	in	r17, 0x17	; 23
 5d4:	19 7f       	andi	r17, 0xF9	; 249
 5d6:	40 2f       	mov	r20, r16
 5d8:	49 7f       	andi	r20, 0xF9	; 249
 5da:	54 e0       	ldi	r21, 0x04	; 4

000005dc <se0Delay>:
 5dc:	5a 95       	dec	r21
 5de:	f1 f7       	brne	.-4      	; 0x5dc <se0Delay>
 5e0:	08 bb       	out	0x18, r16	; 24
 5e2:	17 bb       	out	0x17, r17	; 23
 5e4:	48 bb       	out	0x18, r20	; 24
 5e6:	8a cf       	rjmp	.-236    	; 0x4fc <doReturn>

000005e8 <usbFunctionSetup>:
 5e8:	fc 01       	movw	r30, r24
 5ea:	81 81       	ldd	r24, Z+1	; 0x01
 5ec:	82 30       	cpi	r24, 0x02	; 2
 5ee:	81 f0       	breq	.+32     	; 0x610 <usbFunctionSetup+0x28>
 5f0:	83 30       	cpi	r24, 0x03	; 3
 5f2:	28 f4       	brcc	.+10     	; 0x5fe <usbFunctionSetup+0x16>
 5f4:	88 23       	and	r24, r24
 5f6:	51 f0       	breq	.+20     	; 0x60c <usbFunctionSetup+0x24>
 5f8:	81 30       	cpi	r24, 0x01	; 1
 5fa:	59 f5       	brne	.+86     	; 0x652 <usbFunctionSetup+0x6a>
 5fc:	05 c0       	rjmp	.+10     	; 0x608 <usbFunctionSetup+0x20>
 5fe:	83 30       	cpi	r24, 0x03	; 3
 600:	79 f0       	breq	.+30     	; 0x620 <usbFunctionSetup+0x38>
 602:	84 30       	cpi	r24, 0x04	; 4
 604:	31 f5       	brne	.+76     	; 0x652 <usbFunctionSetup+0x6a>
 606:	19 c0       	rjmp	.+50     	; 0x63a <usbFunctionSetup+0x52>
 608:	c3 9a       	sbi	0x18, 3	; 24
 60a:	23 c0       	rjmp	.+70     	; 0x652 <usbFunctionSetup+0x6a>
 60c:	c3 98       	cbi	0x18, 3	; 24
 60e:	21 c0       	rjmp	.+66     	; 0x652 <usbFunctionSetup+0x6a>
 610:	82 e6       	ldi	r24, 0x62	; 98
 612:	90 e0       	ldi	r25, 0x00	; 0
 614:	90 93 85 00 	sts	0x0085, r25
 618:	80 93 84 00 	sts	0x0084, r24
 61c:	80 e1       	ldi	r24, 0x10	; 16
 61e:	08 95       	ret
 620:	82 81       	ldd	r24, Z+2	; 0x02
 622:	80 93 69 00 	sts	0x0069, r24
 626:	83 81       	ldd	r24, Z+3	; 0x03
 628:	80 93 6a 00 	sts	0x006A, r24
 62c:	84 81       	ldd	r24, Z+4	; 0x04
 62e:	80 93 6b 00 	sts	0x006B, r24
 632:	85 81       	ldd	r24, Z+5	; 0x05
 634:	80 93 6c 00 	sts	0x006C, r24
 638:	0c c0       	rjmp	.+24     	; 0x652 <usbFunctionSetup+0x6a>
 63a:	86 81       	ldd	r24, Z+6	; 0x06
 63c:	80 93 75 00 	sts	0x0075, r24
 640:	10 92 74 00 	sts	0x0074, r1
 644:	81 31       	cpi	r24, 0x11	; 17
 646:	38 f0       	brcs	.+14     	; 0x656 <usbFunctionSetup+0x6e>
 648:	80 e1       	ldi	r24, 0x10	; 16
 64a:	80 93 75 00 	sts	0x0075, r24
 64e:	8f ef       	ldi	r24, 0xFF	; 255
 650:	08 95       	ret
 652:	80 e0       	ldi	r24, 0x00	; 0
 654:	08 95       	ret
 656:	8f ef       	ldi	r24, 0xFF	; 255
 658:	08 95       	ret

0000065a <usbFunctionWrite>:
 65a:	20 91 75 00 	lds	r18, 0x0075
 65e:	a0 91 74 00 	lds	r26, 0x0074
 662:	e8 2f       	mov	r30, r24
 664:	f9 2f       	mov	r31, r25
 666:	06 c0       	rjmp	.+12     	; 0x674 <usbFunctionWrite+0x1a>
 668:	91 91       	ld	r25, Z+
 66a:	b0 e0       	ldi	r27, 0x00	; 0
 66c:	ae 59       	subi	r26, 0x9E	; 158
 66e:	bf 4f       	sbci	r27, 0xFF	; 255
 670:	9c 93       	st	X, r25
 672:	a3 2f       	mov	r26, r19
 674:	a2 17       	cp	r26, r18
 676:	30 f4       	brcc	.+12     	; 0x684 <usbFunctionWrite+0x2a>
 678:	3a 2f       	mov	r19, r26
 67a:	3f 5f       	subi	r19, 0xFF	; 255
 67c:	9e 2f       	mov	r25, r30
 67e:	98 1b       	sub	r25, r24
 680:	96 17       	cp	r25, r22
 682:	90 f3       	brcs	.-28     	; 0x668 <usbFunctionWrite+0xe>
 684:	a0 93 74 00 	sts	0x0074, r26
 688:	81 e0       	ldi	r24, 0x01	; 1
 68a:	a2 13       	cpse	r26, r18
 68c:	80 e0       	ldi	r24, 0x00	; 0
 68e:	08 95       	ret

00000690 <hadUsbReset>:
 690:	cf 92       	push	r12
 692:	df 92       	push	r13
 694:	ef 92       	push	r14
 696:	ff 92       	push	r15
 698:	0f 93       	push	r16
 69a:	1f 93       	push	r17
 69c:	df 93       	push	r29
 69e:	cf 93       	push	r28
 6a0:	00 d0       	rcall	.+0      	; 0x6a2 <hadUsbReset+0x12>
 6a2:	cd b7       	in	r28, 0x3d	; 61
 6a4:	de b7       	in	r29, 0x3e	; 62
 6a6:	70 e0       	ldi	r23, 0x00	; 0
 6a8:	2f e0       	ldi	r18, 0x0F	; 15
 6aa:	c2 2e       	mov	r12, r18
 6ac:	27 e2       	ldi	r18, 0x27	; 39
 6ae:	d2 2e       	mov	r13, r18
 6b0:	77 23       	and	r23, r23
 6b2:	11 f4       	brne	.+4      	; 0x6b8 <hadUsbReset+0x28>
 6b4:	60 e0       	ldi	r22, 0x00	; 0
 6b6:	01 c0       	rjmp	.+2      	; 0x6ba <hadUsbReset+0x2a>
 6b8:	60 e8       	ldi	r22, 0x80	; 128
 6ba:	07 e0       	ldi	r16, 0x07	; 7
 6bc:	10 e0       	ldi	r17, 0x00	; 0
 6be:	90 e4       	ldi	r25, 0x40	; 64
 6c0:	f9 2e       	mov	r15, r25
 6c2:	40 e0       	ldi	r20, 0x00	; 0
 6c4:	50 e0       	ldi	r21, 0x00	; 0
 6c6:	89 e0       	ldi	r24, 0x09	; 9
 6c8:	44 33       	cpi	r20, 0x34	; 52
 6ca:	58 07       	cpc	r21, r24
 6cc:	14 f4       	brge	.+4      	; 0x6d2 <hadUsbReset+0x42>
 6ce:	6f 0d       	add	r22, r15
 6d0:	01 c0       	rjmp	.+2      	; 0x6d4 <hadUsbReset+0x44>
 6d2:	6f 19       	sub	r22, r15
 6d4:	61 bf       	out	0x31, r22	; 49
 6d6:	69 83       	std	Y+1, r22	; 0x01
 6d8:	7a 83       	std	Y+2, r23	; 0x02
 6da:	22 de       	rcall	.-956    	; 0x320 <usbMeasureFrameLength>
 6dc:	9c 01       	movw	r18, r24
 6de:	ac 01       	movw	r20, r24
 6e0:	69 81       	ldd	r22, Y+1	; 0x01
 6e2:	7a 81       	ldd	r23, Y+2	; 0x02
 6e4:	99 e0       	ldi	r25, 0x09	; 9
 6e6:	25 33       	cpi	r18, 0x35	; 53
 6e8:	39 07       	cpc	r19, r25
 6ea:	14 f0       	brlt	.+4      	; 0x6f0 <hadUsbReset+0x60>
 6ec:	c9 01       	movw	r24, r18
 6ee:	04 c0       	rjmp	.+8      	; 0x6f8 <hadUsbReset+0x68>
 6f0:	88 27       	eor	r24, r24
 6f2:	99 27       	eor	r25, r25
 6f4:	82 1b       	sub	r24, r18
 6f6:	93 0b       	sbc	r25, r19
 6f8:	84 53       	subi	r24, 0x34	; 52
 6fa:	99 40       	sbci	r25, 0x09	; 9
 6fc:	8c 15       	cp	r24, r12
 6fe:	9d 05       	cpc	r25, r13
 700:	a4 f4       	brge	.+40     	; 0x72a <hadUsbReset+0x9a>
 702:	e9 e0       	ldi	r30, 0x09	; 9
 704:	25 33       	cpi	r18, 0x35	; 53
 706:	3e 07       	cpc	r19, r30
 708:	3c f0       	brlt	.+14     	; 0x718 <hadUsbReset+0x88>
 70a:	8c ec       	ldi	r24, 0xCC	; 204
 70c:	c8 2e       	mov	r12, r24
 70e:	86 ef       	ldi	r24, 0xF6	; 246
 710:	d8 2e       	mov	r13, r24
 712:	c2 0e       	add	r12, r18
 714:	d3 1e       	adc	r13, r19
 716:	08 c0       	rjmp	.+16     	; 0x728 <hadUsbReset+0x98>
 718:	cc 24       	eor	r12, r12
 71a:	dd 24       	eor	r13, r13
 71c:	c2 1a       	sub	r12, r18
 71e:	d3 0a       	sbc	r13, r19
 720:	8c ec       	ldi	r24, 0xCC	; 204
 722:	96 ef       	ldi	r25, 0xF6	; 246
 724:	c8 0e       	add	r12, r24
 726:	d9 1e       	adc	r13, r25
 728:	e6 2e       	mov	r14, r22
 72a:	f6 94       	lsr	r15
 72c:	01 50       	subi	r16, 0x01	; 1
 72e:	10 40       	sbci	r17, 0x00	; 0
 730:	51 f6       	brne	.-108    	; 0x6c6 <hadUsbReset+0x36>
 732:	7f 5f       	subi	r23, 0xFF	; 255
 734:	72 30       	cpi	r23, 0x02	; 2
 736:	09 f0       	breq	.+2      	; 0x73a <hadUsbReset+0xaa>
 738:	bb cf       	rjmp	.-138    	; 0x6b0 <hadUsbReset+0x20>
 73a:	e1 be       	out	0x31, r14	; 49
 73c:	0f 90       	pop	r0
 73e:	0f 90       	pop	r0
 740:	cf 91       	pop	r28
 742:	df 91       	pop	r29
 744:	1f 91       	pop	r17
 746:	0f 91       	pop	r16
 748:	ff 90       	pop	r15
 74a:	ef 90       	pop	r14
 74c:	df 90       	pop	r13
 74e:	cf 90       	pop	r12
 750:	08 95       	ret

00000752 <main>:
 752:	88 e0       	ldi	r24, 0x08	; 8
 754:	87 bb       	out	0x17, r24	; 23
 756:	2e e0       	ldi	r18, 0x0E	; 14
 758:	88 e1       	ldi	r24, 0x18	; 24
 75a:	90 e0       	ldi	r25, 0x00	; 0
 75c:	0f b6       	in	r0, 0x3f	; 63
 75e:	f8 94       	cli
 760:	a8 95       	wdr
 762:	81 bd       	out	0x21, r24	; 33
 764:	0f be       	out	0x3f, r0	; 63
 766:	21 bd       	out	0x21, r18	; 33
 768:	bb dd       	rcall	.-1162   	; 0x2e0 <usbInit>
 76a:	b9 9a       	sbi	0x17, 1	; 23
 76c:	8a ef       	ldi	r24, 0xFA	; 250
 76e:	a8 95       	wdr
 770:	e9 e3       	ldi	r30, 0x39	; 57
 772:	f0 e2       	ldi	r31, 0x20	; 32
 774:	31 97       	sbiw	r30, 0x01	; 1
 776:	f1 f7       	brne	.-4      	; 0x774 <main+0x22>
 778:	00 c0       	rjmp	.+0      	; 0x77a <main+0x28>
 77a:	00 00       	nop
 77c:	81 50       	subi	r24, 0x01	; 1
 77e:	b9 f7       	brne	.-18     	; 0x76e <main+0x1c>
 780:	b9 98       	cbi	0x17, 1	; 23
 782:	78 94       	sei
 784:	a8 95       	wdr
 786:	96 dc       	rcall	.-1748   	; 0xb4 <usbPoll>
 788:	fd cf       	rjmp	.-6      	; 0x784 <main+0x32>

0000078a <_exit>:
 78a:	f8 94       	cli

0000078c <__stop_program>:
 78c:	ff cf       	rjmp	.-2      	; 0x78c <__stop_program>
