AVRASM: AVR macro assembler 2.1.42 (build 1796 Sep 15 2009 10:48:36)
Copyright (C) 1995-2009 ATMEL Corporation

Verilog option is set
AttoBASICV234.asm(1249): Including file 'Include/Defs_MCU-Options.inc'
Include/Defs_MCU-Options.inc(1): Including file 'Include/m88def.inc'
AttoBASICV234.asm(1272): ATmega88 [ P ] selected.
AttoBASICV234.asm(1307): Including file 'Include/Defs_Constants.inc'
Include/Defs_Constants.inc(51): Including file 'Include/Defs_Register.inc'
Include/Defs_Register.inc(88): warning: Register r30 already defined by the .DEF directive
Include/Defs_Constants.inc(51): info: 'Include/Defs_Register.inc' included from here
AttoBASICV234.asm(1307): info: 'Include/Defs_Constants.inc' included from here
Include/Defs_Constants.inc(52): Including file 'Include/Defs_Pinout.inc'
Include/Defs_Constants.inc(53): Including file 'Include/Defs_Timers.inc'
Include/Defs_Constants.inc(54): Including file 'Include/Defs_ADC.inc'
Include/Defs_Constants.inc(385): System clock prescaler set to  1
Include/Defs_Constants.inc(757): Including file 'Include/Defs_PWM.inc'
Include/Defs_Constants.inc(809): AttoBASIC does not control SPI_SS line
AttoBASICV234.asm(1308): Including file 'Include/Defs_USART.inc'
AttoBASICV234.asm(1341): Including file 'Include/Macro_IO.inc'
AttoBASICV234.asm(1342): Including file 'Include/Macro_Misc.inc'
AttoBASICV234.asm(1343): Including file 'Include/Macro_Delays.inc'
AttoBASICV234.asm(1344): Including file 'Include/Macro_AttoBASIC.inc'
AttoBASICV234.asm(1351): Including file 'Include/Data_RAM.inc'
AttoBASICV234.asm(1352): Including file 'Include/Data_EEP.inc'
AttoBASICV234.asm(1358): Including file 'Include/Code_Vectors.inc'
AttoBASICV234.asm(3722): Including file 'Include/Code_Editing.inc'
AttoBASICV234.asm(3723): Including file 'Include/Code_EFS.inc'
AttoBASICV234.asm(3724): Including file 'include/Code_Math.inc'
AttoBASICV234.asm(3725): Including file 'Include/Code_ERRPROC.inc'
AttoBASICV234.asm(3726): Including file 'Include/Code_Init.inc'
AttoBASICV234.asm(3727): Including file 'Include/Code_DataBytes.inc'
AttoBASICV234.asm(3739): Including file 'Include/Code_TWI.inc'
Include/Code_TWI.inc(41): Including file 'Include/Defs_TWI.inc'
Include/Defs_TWI.inc(197): Including file 'Include/Macro_TWI.inc'
AttoBASICV234.asm(3744): Including file 'Include/Code_SPI.inc'
AttoBASICV234.asm(3747): Including file 'Include/Code_PORTIO.inc'
AttoBASICV234.asm(3750): Including file 'Include/Code_PWM.inc'
AttoBASICV234.asm(3752): Including file 'Include/Code_Operators.inc'
AttoBASICV234.asm(3754): Including file 'Include/Code_Analog.inc'
AttoBASICV234.asm(3757): Including file 'Include/Code_AComp.inc'
AttoBASICV234.asm(3769): Including file 'Include/Code_LOPWR.inc'
AttoBASICV234.asm(3824): Including file 'Include/Code_sio_usart.inc'
AttoBASICV234.asm(3842): Including file 'Include/Data_Cmds.inc'
AttoBASICV234.asm(3843): Including file 'Include/Data_Msgs.inc'
AttoBASICV234.asm(3848): Including file 'Include/Code_IRQvectors.inc'
AttoBASICV234.asm(4015): warning: end of .eseg at 0x207 is beyond end of memory at 0x1ff
Include/Defs_Constants.inc(399): Using FCLK @ 8MHz
Include/Defs_Constants.inc(595): Enabling non-volatile option storage (CFG)
Include/Defs_USART.inc(56): Using baud rate of 38400 for FCLK > 4MHz
Include/Code_TWI.inc(39): TWI enabled.
Include/Defs_TWI.inc(79): Only TWI @ 100K available
Include/Code_SPI.inc(41): SPI enabled.
Include/Code_PORTIO.inc(247): Multi-Port PIO enabled.
Include/Code_PWM.inc(39): PWM enabled.
Include/Code_LOPWR.inc(39): LPMD enabled.

ATmega88 memory use summary [bytes]:
Segment   Begin    End      Code   Data   Used    Size   Use%  Warn
--------------------------------------------------------------------
[.cseg] 0x000000 0x001fc8   6286   1850   8136    8192  99.3%
[.dseg] 0x000100 0x000500      0   1024   1024    1024 100.0%
[.eseg] 0x000000 0x000207      0    511    511     512  99.8%  OVER

Assembly complete, 0 errors. 2 warnings
